C51 COMPILER V9.52.0.0   RING                                                              03/19/2015 21:56:57 PAGE 1   


C51 COMPILER V9.52.0.0, COMPILATION OF MODULE RING
OBJECT MODULE PLACED IN ring.OBJ
COMPILER INVOKED BY: C:\Keil\C51\BIN\C51.EXE ring.c BROWSE DEBUG OBJECTEXTEND TABS(2)

line level    source

   1          #include <reg51.h>
   2          #include<absacc.h>
   3          #include <intrins.h>
   4          #define uint unsigned int
   5          #define uchar unsigned char
   6          sbit dula=P1^6;
   7          sbit wela=P1^7;
   8          sbit bear=P2^3;
   9          code unsigned char tab[]={0x3f,0x06,0x5b,0x4f,0x66,0x6d,0x7d,0x07,0x7f,0x6f,0x77,0x7c,0x39,0x5e,0x79,0x71}
             -; 
  10          char code weikong_code[]={0xfe,0xfd,0xfb,0xf7,0xef,0xdf,0xbf,0x7f};
  11          uchar ms[8]={2,2,10,4,0,0,1,14};
  12          uchar StrTab[8];
  13          uchar minute=59,hour=11,second=40; // 时，分，秒定义
  14          uchar num=0;
  15          uint count=0;       //定时器技计数,定时50ms,count满20,秒加1
  16          /***********子函数声明*************************************/
  17          void xianshishuzu(); // 显示数组子程序          
  18          /**********************延时子程序*****************************/  
  19          void delay(uint z)
  20          {   uint x,y;
  21   1        for(x=0;x<z;x++)
  22   1        for(y=0;y<110;y++);
  23   1      }
  24          
  25          /**********************显示时钟子程序*************************/
  26           void dispaly(uchar w[8])
  27          {  unsigned int  i,j,aa;               
  28   1          aa=0xfe;              //位选初值1111 1110
  29   1        for(i=0;i<6;i++)       //依次将数组w中八个数取出，并显示
  30   1        {   
  31   2          j=w[i];   //取出要显示的数码
  32   2          P0=0;       //取出段选编码
  33   2          dula=1;          //位选
  34   2          dula=0;
  35   2          P0=aa;
  36   2          wela=1;        //位选
  37   2          wela=0;
  38   2          P0=tab[j];        //取出段选编码
  39   2          dula=1;        
  40   2          dula=0;
  41   2          aa=_crol_(aa,1);   //位选信号循环右移
  42   2          delay(10);        //显示延时
  43   2          P0=0xff;         //消影
  44   2        }     
  45   1      }
  46          
  47          /***********************显示时钟数组子程序***********************/
  48          void xianshishuzu()         
  49              {
  50   1          StrTab[4]=second/10;          //秒个位
  51   1            StrTab[5]=second%10;      //秒十位
  52   1            StrTab[2]=minute/10;          //分个位
  53   1            StrTab[3]=minute%10;      //分十位
  54   1            StrTab[0]=hour/10;          //时个位
C51 COMPILER V9.52.0.0   RING                                                              03/19/2015 21:56:57 PAGE 2   

  55   1            StrTab[1]=hour%10;          //时十位
  56   1              
  57   1        }
  58          /*******************蜂鸣器子程序****************************/
  59          void beng()
  60          {
  61   1          bear=1;
  62   1          P3=0xfd;
  63   1          delay(100);
  64   1          bear=0;
  65   1          P3=0XFf;
  66   1          delay(100);
  67   1      }
  68          /*****************整点报警子程序**************************/
  69            void zhengdian (void)
  70            {   
  71   1          uchar i=0;
  72   1          if((second==0)&(minute==0))
  73   1          { 
  74   2          for(i=0;i<10;i++)
  75   2            {
  76   3           TR0=1; beng();dispaly(ms);
  77   3            }
  78   2           } 
  79   1        }
  80              
  81          /**************************中断子程序*********************************/
  82            void time_() interrupt 1                    //中断程序
  83             {
  84   1          count++;
  85   1            TH0=(65536-50000)/256;         //0.5ms重新送初值
  86   1            TL0=(65536-50000)%256;  
  87   1          if(count==20)              //定时器计数,定时50ms,count满20,秒加1
  88   1           { second++; count=0;
  89   2            if(second==60)             //秒值等于60,秒清零,分加1
  90   2                { second=0;minute++;
  91   3            if(minute==60)         //分值等于60,分清零,时加1
  92   3              { minute=0; hour++;
  93   4               if(hour==24)        //时值等于24,时清零,返回,全部清零
  94   4                  {hour=0;}
  95   4        }
  96   3             }
  97   2             }
  98   1             xianshishuzu();
  99   1         }
 100          /***********************主函数***************************/
 101           void main()
 102          { 
 103   1        P1=0XFF;
 104   1        TMOD = 0x11;             //time0为定时器,方式1
 105   1        TH0=(65536-50000)/256;  //预置计数初值,50ms    
 106   1        TL0=(65536-50000)%256;
 107   1        EA=1;                  //总中断开
 108   1        ET0=1;                //允许定时器0中断
 109   1        TR0=1;                //开启定时器0
 110   1        
 111   1      while(1)                  //主循环
 112   1          {        
 113   2           dispaly(StrTab); zhengdian (); 
 114   2          }
 115   1        }

C51 COMPILER V9.52.0.0   RING                                                              03/19/2015 21:56:57 PAGE 3   


MODULE INFORMATION:   STATIC OVERLAYABLE
   CODE SIZE        =    376    ----
   CONSTANT SIZE    =     24    ----
   XDATA SIZE       =   ----    ----
   PDATA SIZE       =   ----    ----
   DATA SIZE        =     22      10
   IDATA SIZE       =   ----    ----
   BIT SIZE         =   ----    ----
END OF MODULE INFORMATION.


C51 COMPILATION COMPLETE.  0 WARNING(S),  0 ERROR(S)
